<?xml version="1.0" encoding="UTF-8"?>
<!-- Generated by org.testng.reporters.JUnitReportReporter -->
<testsuite hostname="Darsh-PC" failures="0" tests="4" name="TestPackage.LoginTest" time="37.808" errors="0" timestamp="2022-04-13T01:20:01 EDT" skipped="1">
  <testcase classname="TestPackage.LoginTest" name="login1" time="9.445"/>
  <system-out/>
  <testcase classname="TestPackage.LoginTest" name="validCredentilasFromProp" time="17.043"/>
  <system-out/>
  <testcase classname="TestPackage.LoginTest" name="invaliCredentials" time="11.320"/>
  <system-out/>
  <testcase classname="TestPackage.LoginTest" name="login">
    <skipped/>
  </testcase> <!-- login -->
  <system-out/>
</testsuite> <!-- TestPackage.LoginTest -->
